2025-09-01 20:24:20,269 - Mock Version: 6.3
2025-09-01 20:24:20,288 - Start(bootstrap): chroot init
2025-09-01 20:24:20,336 - Start(bootstrap): cleaning package manager metadata
2025-09-01 20:24:20,336 - Finish(bootstrap): cleaning package manager metadata
2025-09-01 20:24:20,928 - Finish(bootstrap): chroot init
2025-09-01 20:24:20,937 - Start: chroot init
2025-09-01 20:24:20,972 - Start: unpacking root cache
2025-09-01 20:24:21,851 - Finish: unpacking root cache
2025-09-01 20:24:21,859 - Start: cleaning package manager metadata
2025-09-01 20:24:21,864 - Finish: cleaning package manager metadata
2025-09-01 20:24:22,476 - Start: dnf5 update
2025-09-01 20:24:24,265 - Finish: dnf5 update
2025-09-01 20:24:25,194 - Finish: chroot init
2025-09-01 20:24:25,198 - Start: build phase for gshogi-0.5.1^20250818.git7c4bd90-7.fc44.src.rpm
2025-09-01 20:24:25,201 - Start: build setup for gshogi-0.5.1^20250818.git7c4bd90-7.fc44.src.rpm
2025-09-01 20:24:54,635 - Finish: build setup for gshogi-0.5.1^20250818.git7c4bd90-7.fc44.src.rpm
2025-09-01 20:24:54,637 - Start: rpmbuild gshogi-0.5.1^20250818.git7c4bd90-7.fc44.src.rpm
2025-09-01 20:25:01,756 - Start: Outputting list of installed packages
2025-09-01 20:25:02,155 - Finish: Outputting list of installed packages
2025-09-01 20:25:15,277 - Finish: rpmbuild gshogi-0.5.1^20250818.git7c4bd90-7.fc44.src.rpm
2025-09-01 20:25:15,285 - Finish: build phase for gshogi-0.5.1^20250818.git7c4bd90-7.fc44.src.rpm
2025-09-01 20:25:15,295 - Finish: run
